  3_Chess.cpp
D:\Dokumenty\Praca_inżynierska\Szachy_dla_3_osob\3_Chess\3_Chess\Plansza.h(2,10): fatal  error C1083: Nie można otworzyć pliku dołącz: 'SFML/Graphics.hpp': No such file or directory
  Figura.cpp
D:\Dokumenty\Praca_inżynierska\Szachy_dla_3_osob\3_Chess\3_Chess\Figura.h(3,10): fatal  error C1083: Nie można otworzyć pliku dołącz: 'SFML\Graphics.hpp': No such file or directory
  Goniec.cpp
D:\Dokumenty\Praca_inżynierska\Szachy_dla_3_osob\3_Chess\3_Chess\Figura.h(3,10): fatal  error C1083: Nie można otworzyć pliku dołącz: 'SFML\Graphics.hpp': No such file or directory
  Hetman.cpp
D:\Dokumenty\Praca_inżynierska\Szachy_dla_3_osob\3_Chess\3_Chess\Figura.h(3,10): fatal  error C1083: Nie można otworzyć pliku dołącz: 'SFML\Graphics.hpp': No such file or directory
  Krol.cpp
D:\Dokumenty\Praca_inżynierska\Szachy_dla_3_osob\3_Chess\3_Chess\Figura.h(3,10): fatal  error C1083: Nie można otworzyć pliku dołącz: 'SFML\Graphics.hpp': No such file or directory
  Pionek.cpp
D:\Dokumenty\Praca_inżynierska\Szachy_dla_3_osob\3_Chess\3_Chess\Figura.h(3,10): fatal  error C1083: Nie można otworzyć pliku dołącz: 'SFML\Graphics.hpp': No such file or directory
  Plansza.cpp
D:\Dokumenty\Praca_inżynierska\Szachy_dla_3_osob\3_Chess\3_Chess\Plansza.h(2,10): fatal  error C1083: Nie można otworzyć pliku dołącz: 'SFML/Graphics.hpp': No such file or directory
  Pole.cpp
D:\Dokumenty\Praca_inżynierska\Szachy_dla_3_osob\3_Chess\3_Chess\Pole.cpp(2,10): fatal  error C1083: Nie można otworzyć pliku dołącz: 'SFML/Graphics.hpp': No such file or directory
  Skoczek.cpp
D:\Dokumenty\Praca_inżynierska\Szachy_dla_3_osob\3_Chess\3_Chess\Figura.h(3,10): fatal  error C1083: Nie można otworzyć pliku dołącz: 'SFML\Graphics.hpp': No such file or directory
  Wieza.cpp
D:\Dokumenty\Praca_inżynierska\Szachy_dla_3_osob\3_Chess\3_Chess\Figura.h(3,10): fatal  error C1083: Nie można otworzyć pliku dołącz: 'SFML\Graphics.hpp': No such file or directory
  Generowanie kodu...
